
################################################################################
#
# This file has been generated by SpyGlass:
#     Report Name      : no_msg_reporting_rules
#     Report Created by: xph2sic015
#     Report Created on:  Wed Feb 14 14:45:36 2018
#     Working Directory: /tp/xph2sic/xph2sic015/tp-filtre-2a-sicom/filtre/spyglass
#     SpyGlass Version : 5.6.0
#     Policy Name      : SpyGlass(5.6.0)
#                        lint(5.6.0)
#
#     Total Number of Generated Messages :          3
#     Number of Waived Messages          :          0
#     Number of Reported Messages        :          3
#     Number of Overlimit Messages       :          0
#
#
################################################################################

NO VIOLATION RULE REPORT :
++++++++++++++++++++++++++++++++++++++++++++++++++++++++++++++++++++++++++++++++

There are no rules which produce zero violation or completely waived off during spyglass run.

++++++++++++++++++++++++++++++++++++++++++++++++++++++++++++++++++++++++++++++++
