# Info: [9566]: Logging session transcript to file /tp/xph2sic/xph2sic015/tp-filtre-2a-sicom/filtre/fpga/synth/precision.log
//  Precision RTL Synthesis 2014a.1_64-bit (Production Release) Mon Feb 24 02:39:08 PST 2014
//  
//  Copyright (c) Mentor Graphics Corporation, 1996-2014, All Rights Reserved.
//             Portions copyright 1991-2008 Compuware Corporation
//                       UNPUBLISHED, LICENSED SOFTWARE.
//            CONFIDENTIAL AND PROPRIETARY INFORMATION WHICH IS THE
//          PROPERTY OF MENTOR GRAPHICS CORPORATION OR ITS LICENSORS
//  
//  Running on Linux xph2sic015@cimepc08 #1 SMP Debian 3.2.68-1+deb7u5 3.2.0-4-amd64 x86_64
//  
//  Start time Tue Mar  6 09:19:53 2018
# -------------------------------------------------
# Info: [9566]: Logging session transcript to file /tp/xph2sic/xph2sic015/tp-filtre-2a-sicom/filtre/fpga/synth/precision.log
# COMMAND: open_project /tp/xph2sic/xph2sic015/tp-filtre-2a-sicom/filtre/fpga/synth/FiltreNum.psp
# Info: [9574]: Input directory: /tp/xph2sic/xph2sic015/tp-filtre-2a-sicom/filtre/fpga/synth
# Info: [9569]: Moving session transcript to file /tp/xph2sic/xph2sic015/tp-filtre-2a-sicom/filtre/fpga/synth/precision.log
# Info: [9575]: The Results Directory has been set to: /tp/xph2sic/xph2sic015/tp-filtre-2a-sicom/filtre/fpga/synth/FiltreNum_impl_1/
# Info: [9565]: Appending project transcript to file /tp/xph2sic/xph2sic015/tp-filtre-2a-sicom/filtre/fpga/synth/FiltreNum_impl_1/precision.log
# Info: [9565]: Appending suppressed messages transcript to file /tp/xph2sic/xph2sic015/tp-filtre-2a-sicom/filtre/fpga/synth/FiltreNum_impl_1/precision.log.suppressed
# Info: [15297]: Setting up the design to use synthesis library "xis3.syn"
# Info: [573]: The global max fanout is currently set to 10000 for Xilinx - SPARTAN3.
# Info: [15323]: Setting Part to: "3s200ft256".
# Info: [15324]: Setting Process to: "5".
# Info: [7512]: The place and route tool for current technology is ISE.
# Warning: [568]: Setting 'optimize_power_effort' is not allowed in RTL product mode. Ignoring.
# Info: [3022]: Reading file: /softslin/precision2014a_64b/Mgc_home/pkgs/psr/techlibs/xis3.syn.
# Info: [631]: Loading library initialization file /softslin/precision2014a_64b/Mgc_home/pkgs/psr/userware/xilinx_rename.tcl
# Info: XILINX
# Info: [9550]: Activated implementation FiltreNum_impl_1 in project /tp/xph2sic/xph2sic015/tp-filtre-2a-sicom/filtre/fpga/synth/FiltreNum.psp.
open_project /tp/xph2sic/xph2sic015/tp-filtre-2a-sicom/filtre/fpga/synth/FiltreNum.psp
# COMMAND: report_timing /tp/xph2sic/xph2sic015/tp-filtre-2a-sicom/filtre/fpga/synth/FiltreNum_impl_1/filtre_synth_timing.rep -clock_frequency
report_timing /tp/xph2sic/xph2sic015/tp-filtre-2a-sicom/filtre/fpga/synth/FiltreNum_impl_1/filtre_synth_timing.rep -clock_frequency
# COMMAND: report_timing -append /tp/xph2sic/xph2sic015/tp-filtre-2a-sicom/filtre/fpga/synth/FiltreNum_impl_1/filtre_synth_timing.rep -summary -num_paths 10
report_timing -append /tp/xph2sic/xph2sic015/tp-filtre-2a-sicom/filtre/fpga/synth/FiltreNum_impl_1/filtre_synth_timing.rep -summary -num_paths 10
# COMMAND: report_timing -append /tp/xph2sic/xph2sic015/tp-filtre-2a-sicom/filtre/fpga/synth/FiltreNum_impl_1/filtre_synth_timing.rep -num_paths 1 -show_nets -show_schematic
report_timing -append /tp/xph2sic/xph2sic015/tp-filtre-2a-sicom/filtre/fpga/synth/FiltreNum_impl_1/filtre_synth_timing.rep -num_paths 1 -show_nets -show_schematic
# COMMAND: report_area /tp/xph2sic/xph2sic015/tp-filtre-2a-sicom/filtre/fpga/synth/FiltreNum_impl_1/filtre_synth_area.rep -cell_usage
report_area /tp/xph2sic/xph2sic015/tp-filtre-2a-sicom/filtre/fpga/synth/FiltreNum_impl_1/filtre_synth_area.rep -cell_usage
# COMMAND: report_timing /tp/xph2sic/xph2sic015/tp-filtre-2a-sicom/filtre/fpga/synth/FiltreNum_impl_1/filtre_synth_timing.rep -clock_frequency
report_timing /tp/xph2sic/xph2sic015/tp-filtre-2a-sicom/filtre/fpga/synth/FiltreNum_impl_1/filtre_synth_timing.rep -clock_frequency
# COMMAND: report_timing /tp/xph2sic/xph2sic015/tp-filtre-2a-sicom/filtre/fpga/synth/FiltreNum_impl_1/filtre_synth_timing.rep -summary -num_paths 10 -append
report_timing /tp/xph2sic/xph2sic015/tp-filtre-2a-sicom/filtre/fpga/synth/FiltreNum_impl_1/filtre_synth_timing.rep -summary -num_paths 10 -append
# COMMAND: report_timing /tp/xph2sic/xph2sic015/tp-filtre-2a-sicom/filtre/fpga/synth/FiltreNum_impl_1/filtre_synth_timing.rep -num_paths 1 -show_nets -append
report_timing /tp/xph2sic/xph2sic015/tp-filtre-2a-sicom/filtre/fpga/synth/FiltreNum_impl_1/filtre_synth_timing.rep -num_paths 1 -show_nets -append
# COMMAND: save_project
# Info: [9562]: Saved implementation FiltreNum_impl_1 in project /tp/xph2sic/xph2sic015/tp-filtre-2a-sicom/filtre/fpga/synth/FiltreNum.psp.
save_project
# COMMAND: close_project -discard
# Info: [9530]: Closed project: /tp/xph2sic/xph2sic015/tp-filtre-2a-sicom/filtre/fpga/synth/FiltreNum.psp.
close_project -discard
# COMMAND: exit
exit
