
################################################################################
#
# This file has been generated by SpyGlass:
#     Report Name      : no_msg_reporting_rules
#     Report Created by: xph2sic015
#     Report Created on:  Wed Feb 14 14:44:39 2018
#     Working Directory: /tp/xph2sic/xph2sic015/tp-filtre-2a-sicom/filtre/spyglass
#     SpyGlass Version : 5.6.0
#     Policy Name      : SpyGlass(5.6.0)
#                        auto-verify(5.6.0)
#
#     Total Number of Generated Messages :          1
#     Number of Waived Messages          :          0
#     Number of Reported Messages        :          1
#     Number of Overlimit Messages       :          0
#
#
################################################################################

NO VIOLATION RULE REPORT :
++++++++++++++++++++++++++++++++++++++++++++++++++++++++++++++++++++++++++++++++

Following rules did not produce any violation or waived off during spyglass run

++++++++++++++++++++++++++++++++++++++++++++++++++++++++++++++++++++++++++++++++


================================================================================
	INDEX                                   RULE-NAME
================================================================================
	1                                  Av_Info_Case_Analysis
	2                                  Av_bus01
	3                                  Av_bus02
	4                                  Av_case01
	5                                  Av_case02
	6                                  Av_complexity01
	7                                  Av_deadcode01
	8                                  Av_dontcare01
	9                                  Av_fsm02
	10                                 Av_fsminf01
	11                                 Av_fsminf02
	12                                 Av_range01
================================================================================
