SpyGlass run started at 02:43:53 PM on Feb 14 2018 

SpyGlass Predictive Analyzer(R) - Version 5.6.0
Last compiled on Dec 15 2015

All Rights Reserved. Use, disclosure or duplication
without prior written permission of Synopsys Inc. is prohibited.
Technical support: email spyglass_support@synopsys.com.


Running SpyGlass 64-bit Executable: /softl3/spyglass5_6_0/SpyGlass-5.6.0/SPYGLASS_HOME/obj/check.Linux4

RULE-CHECKING IN MIXED MODE
Loading Policy: spyglass (Version: 5.6.0) from path: /softl3/spyglass5_6_0/SpyGlass-5.6.0/SPYGLASS_HOME/policies/spyglass
Loading Shared library libspyglassrules-Linux4.spyso from /softl3/spyglass5_6_0/SpyGlass-5.6.0/SPYGLASS_HOME/lib/libspyglassrules-Linux4.spyso 
Loading Shared library libsdcInitRules-Linux4.spyso from /softl3/spyglass5_6_0/SpyGlass-5.6.0/SPYGLASS_HOME/lib/libsdcInitRules-Linux4.spyso 
Loading Shared library librmerules-Linux4.spyso from /softl3/spyglass5_6_0/SpyGlass-5.6.0/SPYGLASS_HOME/lib/librmerules-Linux4.spyso 
Loading perl file for 'auto-verify' policy from path: /softl3/spyglass5_6_0/SpyGlass-5.6.0/SPYGLASS_HOME/policies/auto-verify/auto-verify-policy.pl
Loading Shared library libformalRules-Linux4.spyso from /softl3/spyglass5_6_0/SpyGlass-5.6.0/SPYGLASS_HOME/policies/auto-verify/libformalRules-Linux4.spyso 
Version of Policy 'auto-verify': 5.6.0
Loading Shared library libVeStarc-Linux4.spyso from /softl3/spyglass5_6_0/SpyGlass-5.6.0/SPYGLASS_HOME/policies/starc/libVeStarc-Linux4.spyso 
Loading Shared library libVeLint-Linux4.spyso from /softl3/spyglass5_6_0/SpyGlass-5.6.0/SPYGLASS_HOME/lib/libVeLint-Linux4.spyso 
Loading Shared library libCoreRules-Linux4.spyso from /softl3/spyglass5_6_0/SpyGlass-5.6.0/SPYGLASS_HOME/lib/libCoreRules-Linux4.spyso 
Loading Shared library libVeMoreLint-Linux4.spyso from /softl3/spyglass5_6_0/SpyGlass-5.6.0/SPYGLASS_HOME/policies/morelint/libVeMoreLint-Linux4.spyso 
Loading Shared library libVhMoreLint-Linux4.spyso from /softl3/spyglass5_6_0/SpyGlass-5.6.0/SPYGLASS_HOME/policies/morelint/libVhMoreLint-Linux4.spyso 
Enabling Following Rules Only For Save:
 GenTopLevelBlocksForAutoSoc
Total Rules Enabled Only For Save : 1
##build_id : 5.6.0
##system   : Linux cimeld49 3.2.0-4-amd64 #1 SMP Debian 3.2.81-2 x86_64
##cwd      : /tp/xph2sic/xph2sic015/tp-filtre-2a-sicom/filtre/spyglass
##lang     : Verilog+VHDL
##args     : -mSpyGlass::Compatibility::v2_7_3 \
             -mSpyGlass::Compatibility::v2_7_3 \
             -mSpyGlass::Compatibility::v2_7_3 \
             -I '/softslin/spyglass5_6_0/SpyGlass-5.6.0/SPYGLASS_PHYSICAL_HOME/common/sgphysical/policies/physical' \
             -nl \
             -wdir './spyglass-1/adv_lint/adv_lint_struct' \
             -lib accellera_vlog /softl3/spyglass5_6_0/SpyGlass-5.6.0/SPYGLASS_HOME/auxi/ovl/precompile/Linux4/accellera_verilog \
             -lib accellera /softl3/spyglass5_6_0/SpyGlass-5.6.0/SPYGLASS_HOME/auxi/ovl/precompile/Linux4/accellera_vhdl \
             -lib WORK ./spyglass-1/WORK \
             -lib accellera_vlog /softl3/spyglass5_6_0/SpyGlass-5.6.0/SPYGLASS_HOME/auxi/ovl/precompile/Linux4/accellera_verilog \
             -lib accellera /softl3/spyglass5_6_0/SpyGlass-5.6.0/SPYGLASS_HOME/auxi/ovl/precompile/Linux4/accellera_vhdl \
             -dbdir './spyglass-1/.SG_SaveRestoreDB' \
             -mixed \
             -sgdc '/softl3/spyglass5_6_0/SpyGlass-5.6.0/SPYGLASS_HOME/auxi/policy_data/auto-verify/verif.sgdc' \
             -sgdc '/softl3/spyglass5_6_0/SpyGlass-5.6.0/SPYGLASS_HOME/auxi/policy_data/auto-verify/verif.sgdc' \
             -batch \
             -rules='Av_Info_Case_Analysis,Av_fsm02,Av_fsminf01,Av_fsminf02,Av_case01,Av_case02,Av_deadcode01,Av_bus01,Av_bus02,Av_dontcare01,Av_range01,Av_complexity01' \
             +syntharg '-ignoreHangingFF' \
             -policy='auto-verify' \
             --goal_info 'adv_lint/adv_lint_struct@' \
             -projectwdir './spyglass-1' \
             -templatedir '/softl3/spyglass5_6_0/SpyGlass-5.6.0/SPYGLASS_HOME/GuideWare/latest/block/rtl_handoff' \
             --template_info 'adv_lint/adv_lint_struct' \
             -enable_save_restore \
             -enable_save_restore_builtin 'true' \
             -audit=yes \
             -64bit  \
             ../vhd/accu.vhd \
             ../vhd/ADC_fsm.vhd \
             ../vhd/buff.vhd \
             ../vhd/DAC_fsm.vhd \
             ../vhd/delayline.vhd \
             ../vhd/filtre.vhd \
             ../vhd/fsm.vhd \
             ../vhd/mult.vhd \
             ../vhd/register.vhd \
             ../vhd/rom.vhd

##verbosity level   : 2
##exact cmdline arg : -batch -project spyglass-1.prj -goal adv_lint/adv_lint_struct -64bit
##spyglass_run.csh begins :
;	cd /tp/xph2sic/xph2sic015/tp-filtre-2a-sicom/filtre/spyglass
;	setenv ATRENTA_LICENSE_FILE 1721@cimekey1
;	setenv SPYGLASS_LD_PRELOAD /softl3/spyglass5_6_0/SpyGlass-5.6.0/SPYGLASS_HOME/lib/libsgjemalloc-Linux4.so
;	setenv SPYGLASS_DW_PATH /softl3/spyglass5_6_0/SpyGlass-5.6.0/SPYGLASS_HOME/dw_support
;	/softl3/spyglass5_6_0/SpyGlass-5.6.0/SPYGLASS_HOME/bin/spyglass  -batch -project spyglass-1.prj -goal adv_lint/adv_lint_struct -64bit
##spyglass_run.csh ends
##files    : ../vhd/accu.vhd \
             ../vhd/ADC_fsm.vhd \
             ../vhd/buff.vhd \
             ../vhd/DAC_fsm.vhd \
             ../vhd/delayline.vhd \
             ../vhd/filtre.vhd \
             ../vhd/fsm.vhd \
             ../vhd/mult.vhd \
             ../vhd/register.vhd \
             ../vhd/rom.vhd

##FILEDEBUG[sgOpenFile]: Opening File './spyglass-1/adv_lint/adv_lint_struct/spyglass_spysch/auto-verify/width01.txt' in "w" mode ...
##FILEDEBUG[sgOpenFile]: Opening File './spyglass-1/adv_lint/adv_lint_struct/spyglass_spysch/auto-verify/width01_en.txt' in "r" mode ...
##FILEDEBUG[sgOpenFile]: Unable to open './spyglass-1/adv_lint/adv_lint_struct/spyglass_spysch/auto-verify/width01_en.txt' in "r" mode [Reason: No such file or directory]
##FILEDEBUG[sgCloseFile]: File './spyglass-1/adv_lint/adv_lint_struct/spyglass_spysch/auto-verify/width01.txt' closed.
##FILEDEBUG[sgOpenFile]: Opening File './spyglass-1/adv_lint/adv_lint_struct/spyglass_spysch/auto-verify/width02.txt' in "w" mode ...
##FILEDEBUG[sgOpenFile]: Opening File './spyglass-1/adv_lint/adv_lint_struct/spyglass_spysch/auto-verify/width02_en.txt' in "r" mode ...
##FILEDEBUG[sgOpenFile]: Unable to open './spyglass-1/adv_lint/adv_lint_struct/spyglass_spysch/auto-verify/width02_en.txt' in "r" mode [Reason: No such file or directory]
##FILEDEBUG[sgCloseFile]: File './spyglass-1/adv_lint/adv_lint_struct/spyglass_spysch/auto-verify/width02.txt' closed.
##FILEDEBUG[sgOpenFile]: Opening File './spyglass-1/adv_lint/adv_lint_struct/spyglass_spysch/auto-verify/width03.txt' in "w" mode ...
##FILEDEBUG[sgOpenFile]: Opening File './spyglass-1/adv_lint/adv_lint_struct/spyglass_spysch/auto-verify/width03_en.txt' in "r" mode ...
##FILEDEBUG[sgOpenFile]: Unable to open './spyglass-1/adv_lint/adv_lint_struct/spyglass_spysch/auto-verify/width03_en.txt' in "r" mode [Reason: No such file or directory]
##FILEDEBUG[sgCloseFile]: File './spyglass-1/adv_lint/adv_lint_struct/spyglass_spysch/auto-verify/width03.txt' closed.
##FILEDEBUG[sgOpenFile]: Opening File './spyglass-1/adv_lint/adv_lint_struct/spyglass_spysch/auto-verify/width04.txt' in "w" mode ...
##FILEDEBUG[sgOpenFile]: Opening File './spyglass-1/adv_lint/adv_lint_struct/spyglass_spysch/auto-verify/width04_en.txt' in "r" mode ...
##FILEDEBUG[sgOpenFile]: Unable to open './spyglass-1/adv_lint/adv_lint_struct/spyglass_spysch/auto-verify/width04_en.txt' in "r" mode [Reason: No such file or directory]
##FILEDEBUG[sgCloseFile]: File './spyglass-1/adv_lint/adv_lint_struct/spyglass_spysch/auto-verify/width04.txt' closed.
##FILEDEBUG[sgOpenFile]: Opening File './spyglass-1/adv_lint/adv_lint_struct/spyglass_spysch/auto-verify/sign05.txt' in "w" mode ...
##FILEDEBUG[sgOpenFile]: Opening File './spyglass-1/adv_lint/adv_lint_struct/spyglass_spysch/auto-verify/sign05_en.txt' in "r" mode ...
##FILEDEBUG[sgOpenFile]: Unable to open './spyglass-1/adv_lint/adv_lint_struct/spyglass_spysch/auto-verify/sign05_en.txt' in "r" mode [Reason: No such file or directory]
##FILEDEBUG[sgCloseFile]: File './spyglass-1/adv_lint/adv_lint_struct/spyglass_spysch/auto-verify/sign05.txt' closed.
##FILEDEBUG[sgOpenFile]: Opening File './spyglass-1/adv_lint/adv_lint_struct/spyglass_spysch/auto-verify/width05.txt' in "w" mode ...
##FILEDEBUG[sgOpenFile]: Opening File './spyglass-1/adv_lint/adv_lint_struct/spyglass_spysch/auto-verify/width05_en.txt' in "r" mode ...
##FILEDEBUG[sgOpenFile]: Unable to open './spyglass-1/adv_lint/adv_lint_struct/spyglass_spysch/auto-verify/width05_en.txt' in "r" mode [Reason: No such file or directory]
##FILEDEBUG[sgCloseFile]: File './spyglass-1/adv_lint/adv_lint_struct/spyglass_spysch/auto-verify/width05.txt' closed.
##FILEDEBUG[sgOpenFile]: Opening File './spyglass-1/adv_lint/adv_lint_struct/spyglass_spysch/auto-verify/width06.txt' in "w" mode ...
##FILEDEBUG[sgOpenFile]: Opening File './spyglass-1/adv_lint/adv_lint_struct/spyglass_spysch/auto-verify/width06_en.txt' in "r" mode ...
##FILEDEBUG[sgOpenFile]: Unable to open './spyglass-1/adv_lint/adv_lint_struct/spyglass_spysch/auto-verify/width06_en.txt' in "r" mode [Reason: No such file or directory]
##FILEDEBUG[sgCloseFile]: File './spyglass-1/adv_lint/adv_lint_struct/spyglass_spysch/auto-verify/width06.txt' closed.
##FILEDEBUG[sgOpenFile]: Opening File './spyglass-1/adv_lint/adv_lint_struct/spyglass_spysch/auto-verify/width07.txt' in "w" mode ...
##FILEDEBUG[sgOpenFile]: Opening File './spyglass-1/adv_lint/adv_lint_struct/spyglass_spysch/auto-verify/width07_en.txt' in "r" mode ...
##FILEDEBUG[sgOpenFile]: Unable to open './spyglass-1/adv_lint/adv_lint_struct/spyglass_spysch/auto-verify/width07_en.txt' in "r" mode [Reason: No such file or directory]
##FILEDEBUG[sgCloseFile]: File './spyglass-1/adv_lint/adv_lint_struct/spyglass_spysch/auto-verify/width07.txt' closed.
##FILEDEBUG[sgOpenFile]: Opening File './spyglass-1/adv_lint/adv_lint_struct/spyglass_spysch/auto-verify/dontcare01_en.txt' in "r" mode ...
##FILEDEBUG[sgOpenFile]: Unable to open './spyglass-1/adv_lint/adv_lint_struct/spyglass_spysch/auto-verify/dontcare01_en.txt' in "r" mode [Reason: No such file or directory]
##FILEDEBUG[sgOpenFile]: Opening File './spyglass-1/adv_lint/adv_lint_struct/spyglass_spysch/auto-verify/default01_en.txt' in "r" mode ...
##FILEDEBUG[sgOpenFile]: Unable to open './spyglass-1/adv_lint/adv_lint_struct/spyglass_spysch/auto-verify/default01_en.txt' in "r" mode [Reason: No such file or directory]
##FILEDEBUG[sgOpenFile]: Opening File './spyglass-1/adv_lint/adv_lint_struct/spyglass_spysch/auto-verify/default02.txt' in "w" mode ...
##FILEDEBUG[sgOpenFile]: Opening File './spyglass-1/adv_lint/adv_lint_struct/spyglass_spysch/auto-verify/default02_en.txt' in "r" mode ...
##FILEDEBUG[sgOpenFile]: Unable to open './spyglass-1/adv_lint/adv_lint_struct/spyglass_spysch/auto-verify/default02_en.txt' in "r" mode [Reason: No such file or directory]
##FILEDEBUG[sgCloseFile]: File './spyglass-1/adv_lint/adv_lint_struct/spyglass_spysch/auto-verify/default02.txt' closed.
 Reading sgdc file "/softl3/spyglass5_6_0/SpyGlass-5.6.0/SPYGLASS_HOME/auxi/policy_data/auto-verify/verif.sgdc" ...
Performing unification checks on SGDC... done

INFO [6]    Work Directory `./spyglass-1/WORK' does not exist.

INFO [75]    Creating the Work Directory `./spyglass-1/WORK/64' for 64bit  precompiled dump.
Checking Rule PrecompileLibCheck01 (Rule 1 of total 180) .... done (Time = 0.00s, Memory = 0.9K)
Checking Rule PrecompileLibCheck02 (Rule 2 of total 180) .... done (Time = 0.01s, Memory = 0.0K)
Checking Rule PrecompileLibCheck03 (Rule 3 of total 180) .... done (Time = 0.00s, Memory = 30.0K)
Checking Rule PrecompileLibCheck04 (Rule 4 of total 180) .... done (Time = 0.00s, Memory = -23.8K)
Checking Rule SGDC_assume_path01 (Rule 5 of total 180) .... done (Time = 0.00s, Memory = 0.0K)
Checking Rule SGDC_sdcschema02 (Rule 6 of total 180) .... done (Time = 0.01s, Memory = 21.1K)
Checking Rule SGDC_clock05 (Rule 7 of total 180) .... done (Time = 0.00s, Memory = 8.0K)
Checking Rule SGDC_clock09 (Rule 8 of total 180) .... done (Time = 0.00s, Memory = -8.0K)
Checking Rule SGDC_force_ta05 (Rule 9 of total 180) .... done (Time = 0.00s, Memory = 0.0K)
Checking Rule SGDC_require_path03 (Rule 10 of total 180) .... done (Time = 0.00s, Memory = 8.0K)
Checking Rule SGDC_require_value03 (Rule 11 of total 180) .... done (Time = 0.00s, Memory = 0.0K)
Checking Rule SGDC_voltagedomain05 (Rule 12 of total 180) .... done (Time = 0.00s, Memory = 0.0K)
Checking Rule SGDC_voltagedomain06 (Rule 13 of total 180) .... done (Time = 0.00s, Memory = 0.0K)
Checking Rule SGDC_voltagedomain07 (Rule 14 of total 180) .... done (Time = 0.00s, Memory = 15.0K)
Checking Rule SGDC_powerdomainoutputs02 (Rule 15 of total 180) .... done (Time = 0.00s, Memory = 0.0K)
Checking Rule SGDC_supply01 (Rule 16 of total 180) .... done (Time = 0.00s, Memory = 0.0K)
Checking Rule SGDC_waive01 (Rule 17 of total 180) .... done (Time = 0.00s, Memory = 0.0K)
Checking Rule SGDC_waive02 (Rule 18 of total 180) .... done (Time = 0.00s, Memory = -0.1K)
Checking Rule SGDC_waive03 (Rule 19 of total 180) .... done (Time = 0.00s, Memory = 0.0K)
Checking Rule SGDC_waive04 (Rule 20 of total 180) .... done (Time = 0.00s, Memory = 0.0K)
Checking Rule SGDC_waive05 (Rule 21 of total 180) .... done (Time = 0.00s, Memory = 8.0K)
Checking Rule SGDC_waive06 (Rule 22 of total 180) .... done (Time = 0.00s, Memory = 0.0K)
Checking Rule SGDC_waive07 (Rule 23 of total 180) .... done (Time = 0.00s, Memory = 1.5K)
Checking Rule SGDC_waive08 (Rule 24 of total 180) .... done (Time = 0.00s, Memory = -4.8K)
Checking Rule SGDC_waive09 (Rule 25 of total 180) .... done (Time = 0.00s, Memory = 0.0K)
Checking Rule SGDC_waive10 (Rule 26 of total 180) .... done (Time = 0.00s, Memory = 0.0K)
Checking Rule SGDC_waive11 (Rule 27 of total 180) .... done (Time = 0.00s, Memory = 8.9K)
Checking Rule SGDC_waive12 (Rule 28 of total 180) .... done (Time = 0.00s, Memory = 0.0K)
Checking Rule SGDC_waive13 (Rule 29 of total 180) .... done (Time = 0.00s, Memory = 0.0K)
Checking Rule SGDC_waive21 (Rule 30 of total 180) .... done (Time = 0.00s, Memory = 0.0K)
Checking Rule SGDC_waive22 (Rule 31 of total 180) .... done (Time = 0.00s, Memory = 0.0K)
Checking Rule SGDC_waive30 (Rule 32 of total 180) .... done (Time = 0.00s, Memory = 0.0K)
Checking Rule SGDC_waive32 (Rule 33 of total 180) .... done (Time = 0.00s, Memory = 0.0K)
Checking Rule SGDC_waive33 (Rule 34 of total 180) .... done (Time = 0.00s, Memory = 0.0K)
Checking Rule SGDC_waive36 (Rule 35 of total 180) .... done (Time = 0.00s, Memory = 0.0K)
Checking Rule SGDC_waive38 (Rule 36 of total 180) .... done (Time = 0.00s, Memory = 0.0K)
Checking Rule SGDC_fifo01 (Rule 37 of total 180) .... done (Time = 0.00s, Memory = 0.0K)
Checking Rule SGDC_libgroup01 (Rule 38 of total 180) .... done (Time = 0.00s, Memory = 0.0K)
Checking Rule SGDC_libgroup02 (Rule 39 of total 180) .... done (Time = 0.00s, Memory = 0.0K)
Checking Rule SGDC_libgroup04 (Rule 40 of total 180) .... done (Time = 0.00s, Memory = 0.0K)
Checking Rule SGDC_power_data01 (Rule 41 of total 180) .... done (Time = 0.00s, Memory = 15.0K)
Checking Rule SGDC_ungroup01 (Rule 42 of total 180) .... done (Time = 0.00s, Memory = 0.0K)
Checking Rule SGDC_abstract_port06 (Rule 43 of total 180) .... done (Time = 0.00s, Memory = 15.0K)
Checking Rule SGDC_abstract_port14 (Rule 44 of total 180) .... done (Time = 0.00s, Memory = -0.3K)
Checking Rule SGDC_abstract_port15 (Rule 45 of total 180) .... done (Time = 0.00s, Memory = 32.0K)
Checking Rule SGDC_abstract_port18 (Rule 46 of total 180) .... done (Time = 0.00s, Memory = 0.0K)
Checking Rule sdc_init_rule (Rule 47 of total 180) .... done (Time = 0.00s, Memory = 3.8K)
Checking Rule CMD_ignorelibs01 (Rule 48 of total 180) .... done (Time = 0.00s, Memory = 0.0K)
Checking Rule ReportRuleNotRun (Rule 49 of total 180) .... done (Time = 0.00s, Memory = 0.0K)
Checking Rule Av_license01 (Rule 50 of total 180) .... done (Time = 0.00s, Memory = 84.9K)
Checking Rule Av_sanity01 (Rule 51 of total 180) .... done (Time = 0.00s, Memory = 0.0K)
Checking Rule AnalyzeBBox (Rule 52 of total 180) .... done (Time = 0.00s, Memory = 8.0K)

SpyGlass Rule Checking ABORTED.

Generating data for Console...

Generating moresimple report from './spyglass-1/adv_lint/adv_lint_struct/spyglass.vdb' to './spyglass-1/adv_lint/adv_lint_struct/spyglass_reports/moresimple.rpt' ....

Generating runsummary report from './spyglass-1/adv_lint/adv_lint_struct/spyglass.vdb' ....

Generating no_msg_reporting_rules report from './spyglass-1/adv_lint/adv_lint_struct/spyglass.vdb' to './spyglass-1/adv_lint/adv_lint_struct/spyglass_reports/no_msg_reporting_rules.rpt' ....

Generating ADV-LINT report from './spyglass-1/adv_lint/adv_lint_struct/spyglass.vdb' to './spyglass-1/adv_lint/adv_lint_struct/spyglass_reports/ADV-LINT.rpt' ....
##FILEDEBUG[spyOpenFile]: File Opening failed for file-label 'ADV_LINT_INFO_FILE' in "r" mode
##FILEDEBUG[spyOpenFile]: File Opening failed for file-label 'AUTOVERIFY_FUNCTIONAL_TIME_FILE' in "r" mode

Generating auto_verify report from './spyglass-1/adv_lint/adv_lint_struct/spyglass.vdb' to './spyglass-1/adv_lint/adv_lint_struct/spyglass_reports/auto_verify.rpt' ....

Policy specific data (reports) are present in the directory './spyglass-1/adv_lint/adv_lint_struct/spyglass_reports'.

SpyGlass critical reports for the current run are present in directory './spyglass-1/consolidated_reports/adv_lint_adv_lint_struct/'.
##SGDEBUG [PEAK_MEMORY]: 1860408 KB for entire run at 'Av_init01.Init' stage
##SGDEBUG [VMPEAK_MEMORY]: 1864500 KB for entire run
##SGDEBUG [BENCHMARK_ABSOLUTE]: Rule checking aborted: 3 sec, 317504 KB, 1847396 KB
##SGDEBUG [BENCHMARK_INCR]: Rule checking aborted: 3 sec, 317504 KB, 1847396 KB


=====================================================================================
							Rule Parameter Table
=====================================================================================

	PARAMETER-NAME                                     VALUE
-------------------------------------------------------------------------------------
	-abstract                                          0
	-allow_clock_on_output_port                        no
	-atime                                             UNDEFINED
	-audit                                             yes
	-av_dcode_analysis                                 soft
	-av_dcode_report                                   minimal
	-av_dump_assertions                                UNDEFINED
	-av_dump_instance_complexity                       no
	-av_dump_liveness                                  UNDEFINED
	-av_enable_crpt                                    no
	-av_flopcount                                      -1
	-av_force_soft_reset                               Av_setreset01
	-av_ignore_preformal_run_time                      no
	-av_run_time                                       UNDEFINED
	-av_seqdepth                                       -1
	-av_violation_count                                UNDEFINED
	-check_clock_group_violations                      no
	-chk_sign_unsign_also                              no
	-dead_code_scope                                   if,case_without_default,generate,always
	-debug_proc                                        no
	-detect_assign_fsm                                 no
	-detect_ifelse_fsm                                 no
	-detect_nested_fsm                                 no
	-force_genclk_for_txv                              no
	-fv_dcode_all_inst                                 no
	-fv_debug_sim_cycles                               0
	-fv_parallelfile                                   UNDEFINED
	-ieffort                                           0
	-ignore_bus_clocks                                 1024
	-ignore_latches                                    no
	-include_construct                                 none
	-library_gen_clock_naming                          no
	-modulelist                                        UNDEFINED
	-netlist_clock_polarity                            yes
	-passfail                                          both
	-preserve_path                                     no
	-propfile                                          UNDEFINED
	-pt                                                no
	-scope                                             chip
	-show_all_sdc_violations                           no
	-show_sdc_progress                                 no
	-solvemethod                                       1
	-suppress_sdc_violation_in_abstract                no
	-tclfile                                           UNDEFINED
	-truncate_through                                  yes
	-use_inferred_clocks                               no
	-use_inferred_resets                               no
	-vcdfile                                           UNDEFINED
	-vcdfulltrace                                      usernets
	-vcdtime                                           -1
	-verbose                                           0
	-write_sdc                                         no
	-xassign_casedefault                               no
=====================================================================================



=====================================================================================
                               Rule Status Table

 RULE-NAME                      POLICY-NAME     ENABLED VIOL-CNT RULE-TYPE   ERROR-MSG         
=====================================================================================
 Av_staticreg02                 auto-verify     No             - FLATDU2_WL     -               
 Av_ovl01                       auto-verify     No             - FLATDU2_WL     -               
 Av_case_default_missing        auto-verify     No             - FLATDU2_WL     -               
 Av_case_default_redundant      auto-verify     No             - FLATDU2_WL     -               
 Av_dontcare_mismatch           auto-verify     No             - FLATDU2_WL     -               
 Av_width_mismatch_expr03       auto-verify     No             - FLATDU2_WL     -               
 Av_width_mismatch_expr02       auto-verify     No             - FLATDU2_WL     -               
 Av_width_mismatch_expr         auto-verify     No             - FLATDU2_WL     -               
 Av_signed_unsigned_mismatch    auto-verify     No             - FLATDU2_WL     -               
 Av_width_mismatch_function     auto-verify     No             - FLATDU2_WL     -               
 Av_width_mismatch_port         auto-verify     No             - FLATDU2_WL     -               
 Av_width_mismatch_case         auto-verify     No             - FLATDU2_WL     -               
 Av_width_mismatch_assign       auto-verify     No             - FLATDU2_WL     -               
 Av_syncfifo01                  auto-verify     No             - FLATDU2_WL     -               
 Av_eventually_stucknet         auto-verify     No             - FLATDU2_WL     -               
 Av_setreset01                  auto-verify     No             - FLATDU2_WL     -               
 Av_staticnet01                 auto-verify     No             - FLATDU2_WL     -               
 Av_divide_by_zero              auto-verify     No             - FLATDU2_WL     -               
 Av_fsm01                       auto-verify     No             - FLATDU2_WL     -               
 Av_case03                      auto-verify     No             - ELABDU         -               
 Av_fsm_analysis                auto-verify     No             - FLATDU2_WL     -               
 Av_sanity04                    auto-verify     No             - FLATDU2_WL     -               
 Av_rstinf01                    auto-verify     No             - FLATDU2_WL     -               
 Av_clkinf01                    auto-verify     No             - FLATDU2_WL     -               
 Av_sanity03                    auto-verify     No             - FLATDU2_WL     -               
 _avAddSynthNet                 auto-verify     Yes            0 ELABDU         -               
 _advLintReport01               auto-verify     Yes            0 FLATDU2_WL     -               
 Av_report01                    auto-verify     Yes            0 FLATDU2_WL     -               
 Av_IpblockTaggedNet            auto-verify     Yes            0 FLATDU2_PRD_WL   -               
 Av_PortRetention               auto-verify     Yes            0 VSTOPDU        -               
 Av_Info_Case_Analysis          auto-verify     Yes            0 FLATDU2_WL     -               
 _formallint_preReq   (Verilog) auto-verify     Yes            0 ELABDU         -               
 _case_default_missing_prereq(Verilog) auto-verify     Yes            0 ELABDU         -               
 _case_default_redundant_prereq(Verilog) auto-verify     Yes            0 ELABDU         -               
 _dontcare_mismatch_prereq(Verilog) auto-verify     Yes            0 ELABDU         -               
 _width_expr03_mismatch_prereq(Verilog) auto-verify     Yes            0 ELABDU         -               
 _width_expr02_mismatch_prereq(Verilog) auto-verify     Yes            0 ELABDU         -               
 _width05_prereq      (Verilog) auto-verify     Yes            0 ELABDU         -               
 _signunsign01_prereq (Verilog) auto-verify     Yes            0 ELABDU         -               
 _width04_prereq      (Verilog) auto-verify     Yes            0 ELABDU         -               
 _width03_prereq      (Verilog) auto-verify     Yes            0 ELABDU         -               
 _width02_prereq      (Verilog) auto-verify     Yes            0 ELABDU         -               
 _width01_prereq      (Verilog) auto-verify     Yes            0 ELABDU         -               
 _chk_signed_unsigned_prereq(Verilog) auto-verify     Yes            0 ELABDU         -               
 Av_staticnetnreq01             auto-verify     Yes            0 VSDU           -               
 Av_dontcare01                  auto-verify     Yes            0 FLATDU2_WL     -               
 Av_dcreq01           (VHDL   ) auto-verify     Yes            0 ELABDU         -               
 Av_dcreq01           (Verilog) auto-verify     Yes            0 ELABDU         -               
 veOperatorPreReq     (Verilog) auto-verify     Yes            0 ELABDU         -               
 Av_range01                     auto-verify     Yes            0 FLATDU2_WL     -               
 AnalyzeABV           (Verilog) auto-verify     Yes            0 ELABDU         -               
 Av_fsm02                       auto-verify     Yes            0 FLATDU2_WL     -               
 Av_deadcode01                  auto-verify     Yes            0 FLATDU2_WL     -               
 Av_dcreq02                     auto-verify     Yes            0 VSDU           -               
 Av_deadfilter01                auto-verify     Yes            0 VSDU           -               
 Av_deadreq01         (VHDL   ) auto-verify     Yes            0 ELABDU         -               
 Av_deadreq01         (Verilog) auto-verify     Yes            0 ELABDU         -               
 Av_case02                      auto-verify     Yes            0 FLATDU2_WL     -               
 Av_case01                      auto-verify     Yes            0 FLATDU2_WL     -               
 Av_bus02                       auto-verify     Yes            0 FLATDU2_WL     -               
 Av_bus01                       auto-verify     Yes            0 FLATDU2_WL     -               
 Av_complexity01                auto-verify     Yes            0 FLATDU2_WL     -               
 Av_complexity_req02            auto-verify     Yes            0 VSDULIST       -               
 Av_complexity_req01  (VHDL   ) auto-verify     Yes            0 LEXICAL        -               
 Av_complexity_req01  (Verilog) auto-verify     Yes            0 LEXICAL        -               
 Av_fsminf02                    auto-verify     Yes            0 FLATDU2_WL     -               
 Av_fsminf01                    auto-verify     Yes            0 FLATDU2_WL     -               
 SGDC_fsm_setup01               auto-verify     Yes            0 VSTOPDU        -               
 _fsm_contr01                   auto-verify     Yes            0 FLATDU2_WL     -               
 Av_casereq03                   auto-verify     Yes            0 VSTOPDU        -               
 Av_casereq02         (Verilog) auto-verify     Yes            0 VSDU           -               
 Av_casereq01         (Verilog) auto-verify     Yes            0 ELABDU         -               
 Av_svasetup01                  auto-verify     Yes            0 VSDU           -               
 Av_rstreq01          (VHDL   ) auto-verify     Yes            0 ELABDU         -               
 Av_rstreq01          (Verilog) auto-verify     Yes            0 ELABDU         -               
 _fsm03_prereq                  auto-verify     Yes            0 FLATDU2_WL     -               
 Av_fsmreq02                    auto-verify     Yes            0 FLATDU2_WL     -               
 Av_fsmreq01          (VHDL   ) auto-verify     Yes            0 ELABDU         -               
 Av_fsmreq01          (Verilog) auto-verify     Yes            0 ELABDU         -               
 InitState            (VHDL   ) auto-verify     Yes            0 ELABDU         -               
 InitState            (Verilog) auto-verify     Yes            0 ELABDU         -               
 _formal_anlysis_filter_prereq  auto-verify     Yes            0 FLATDU2_WL     -               
 Av_sanity06                    auto-verify     Yes            0 FLATDU2_WL     -               
 Av_multitop01        (VHDL   ) auto-verify     Yes            0 ELABDU         -               
 Av_multitop01        (Verilog) auto-verify     Yes            0 ELABDU         -               
 Av_sanity02                    auto-verify     Yes            0 FLATDU2_WL     -               
 Av_sanity01                    auto-verify     Yes            0 SETUP          -               
 Av_license01                   auto-verify     Yes            1 SETUP          -               
 Av_initstate01                 auto-verify     Yes            0 FLATDU2_WL     -               
 SGDC_av_meta_design_hier01     auto-verify     Yes            0 FLATDU2_WL     -               
 _vhAvMeta01          (VHDL   ) auto-verify     Yes            0 VSDU           -               
 Av_init01                      auto-verify     Yes            0 FLATDU2_WL     -               
 Av_initseq01                   auto-verify     Yes            0 FLATDU2_WL     -               
-------------------------------------------------------------------------------------
Note: VSDU type of rules (as seen in the above table) are not run on
      unsynthesized modules reported by 'ErrorAnalyzeBBox/InfoAnalyzeBBox' messages
      (Please see messages starting with keyword 'UnsynthesizedDU')

##status : SpyGlass Rule Checking Aborted.

---------------------------------------------------------------------------------------------
Results Summary:
---------------------------------------------------------------------------------------------
   Goal Run           :      adv_lint/adv_lint_struct
** Policy auto-verify :      1 fatal,      0 error,        0 warning,      0 information message 
   -------------------------------------------------------------------------------------
** Total              :      1 fatal,      0 error,        0 warning,      0 information message 

  Total Number of Generated Messages     :         1 (1 fatal, 0 error, 0 warning, 0 Info)
  Number of Reported Messages            :         1 (1 fatal, 0 error, 0 warning, 0 Info)

  NOTE: It is recommended to first fix/reconcile fatals/errors reported on
        lines starting with ** as subsequent issues might be related to it.
        Please re-run SpyGlass once ** prefixed lines are fatal/error clean.

---------------------------------------------------------------------------------------------

Following FATAL message(s) generated in current run -

Rule           Severity   File   Line   Message
-------------------------------------------------------------------------
Av_license01   FATAL      N.A.   0      'Advanced Lint Policy' not run due to unavailability of Auto_Verify license feature

FATAL : Rule-checking aborted - usage or run error

---------------------------------------------------------------------------------------------------
Results Summary:
---------------------------------------------------------------------------------------------------
   Goal Run           :      adv_lint/adv_lint_struct
   Top Module         :      
---------------------------------------------------------------------------------------------------
   Reports Directory: 
   /tp/xph2sic/xph2sic015/tp-filtre-2a-sicom/filtre/spyglass/spyglass-1/consolidated_reports/adv_lint_adv_lint_struct/ 

   SpyGlass LogFile: 
    /tp/xph2sic/xph2sic015/tp-filtre-2a-sicom/filtre/spyglass/spyglass-1/adv_lint/adv_lint_struct/spyglass.log 

   Standard Reports: 
     moresimple.rpt          no_msg_reporting_rules.rpt       

   HTML report:
    /tp/xph2sic/xph2sic015/tp-filtre-2a-sicom/filtre/spyglass/spyglass-1/html_reports/goals_summary.html
  

   Technology Reports:  
     auto_verify.rpt          ADV-LINT.rpt        
   
---------------------------------------------------------------------------------------------------
   Goal Violation Summary:
       Waived   Messages:                      0 Errors,      0 Warnings,      0 Infos
       Reported Messages:         1 Fatals,    0 Errors,      0 Warnings,      0 Infos
---------------------------------------------------------------------------------------------------
   
---------------------------------------------------------------------------------------------------
 
SpyGlass Exit Code 7 (Rule-checking terminated due to FATAL errors - usage or run error)
SpyGlass total run-time is 0:0:2 (2 secs)
SpyGlass run completed at 02:44:39 PM on Feb 14 2018
