
################################################################################
#
# This file has been generated by SpyGlass:
#     Report Name      : no_msg_reporting_rules
#     Report Created by: xph2sic015
#     Report Created on:  Wed Feb 14 14:45:25 2018
#     Working Directory: /tp/xph2sic/xph2sic015/tp-filtre-2a-sicom/filtre/spyglass
#     SpyGlass Version : 5.6.0
#     Policy Name      : SpyGlass(5.6.0)
#                        clock-reset(5.6.0)
#                        erc(5.6.0)
#                        latch(5.6.0)
#                        lint(5.6.0)
#                        morelint(5.6.0)
#                        openmore(5.6.0)
#                        power_est(5.6.0)
#                        simulation(5.6.0)
#                        starc(5.6.0)
#                        starc2005(5.6.0)
#                        timing(5.6.0)
#                        txv(5.6.0)
#
#     Total Number of Generated Messages :          2
#     Number of Waived Messages          :          0
#     Number of Reported Messages        :          2
#     Number of Overlimit Messages       :          0
#
#
################################################################################

NO VIOLATION RULE REPORT :
++++++++++++++++++++++++++++++++++++++++++++++++++++++++++++++++++++++++++++++++

Following rules did not produce any violation or waived off during spyglass run

++++++++++++++++++++++++++++++++++++++++++++++++++++++++++++++++++++++++++++++++


================================================================================
	INDEX                                   RULE-NAME
================================================================================
	1                                  BlockHeader
	2                                  BufClock
	3                                  CheckDelayTimescale-ML
	4                                  CombLoop
	5                                  DuplicateCaseLabel-ML
	6                                  LatchFeedback
	7                                  NoAssignX-ML
	8                                  NoXInCase-ML
	9                                  ParamWidthMismatch-ML
	10                                 STARC05-1.2.1.2
	11                                 STARC05-1.3.1.3
	12                                 STARC05-2.1.3.1
	13                                 STARC05-2.1.4.5
	14                                 STARC05-2.1.5.3
	15                                 STARC05-2.1.6.5
	16                                 STARC05-2.10.2.3
	17                                 STARC05-2.11.3.1
	18                                 STARC05-2.2.3.3
	19                                 STARC05-2.3.1.2c
	20                                 STARC05-2.3.1.5b
	21                                 STARC05-2.3.1.6
	22                                 STARC05-2.3.4.1v
	23                                 STARC05-2.4.1.5
	24                                 STARC05-2.5.1.2
	25                                 STARC05-2.5.1.7
	26                                 STARC05-2.5.1.9
	27                                 UndrivenInTerm-ML
	28                                 W110
	29                                 W110a
	30                                 W116
	31                                 W122
	32                                 W123
	33                                 W19
	34                                 W215
	35                                 W216
	36                                 W218
	37                                 W240
	38                                 W263
	39                                 W289
	40                                 W292
	41                                 W293
	42                                 W317
	43                                 W336
	44                                 W337
	45                                 W352
	46                                 W362
	47                                 W392
	48                                 W398
	49                                 W414
	50                                 W415
	51                                 W416
	52                                 W421
	53                                 W422
	54                                 W424
	55                                 W426
	56                                 W442a
	57                                 W442b
	58                                 W442c
	59                                 W442f
	60                                 W450L
	61                                 W467
	62                                 W480
	63                                 W481a
	64                                 W481b
	65                                 W486
	66                                 W496a
	67                                 W496b
	68                                 W499
	69                                 W502
	70                                 W505
	71                                 W66
	72                                 W71
	73                                 badimplicitSM1
	74                                 badimplicitSM2
	75                                 badimplicitSM4
	76                                 bothedges
	77                                 sim_race02
================================================================================
