--------------------------------------------------------------------------------
Release 14.7 Trace  (lin64)
Copyright (c) 1995-2013 Xilinx, Inc.  All rights reserved.

/softl2/XILINX/ise_edk_147i/14.7/ISE_DS/ISE/bin/lin64/unwrapped/trce -intstyle
ise -v 3 -s 5 -n 3 -fastpaths -xml FILTER.twx FILTER.ncd -o FILTER.twr
FILTER.pcf

Design file:              FILTER.ncd
Physical constraint file: FILTER.pcf
Device,package,speed:     xc3s200,ft256,-5 (PRODUCTION 1.39 2013-10-13)
Report level:             verbose report

Environment Variable      Effect 
--------------------      ------ 
NONE                      No environment variables were set
--------------------------------------------------------------------------------

INFO:Timing:2698 - No timing constraints found, doing default enumeration.
INFO:Timing:3412 - To improve timing, see the Timing Closure User Guide (UG612).
INFO:Timing:2752 - To get complete path coverage, use the unconstrained paths 
   option. All paths that are not constrained will be reported in the 
   unconstrained paths section(s) of the report.
INFO:Timing:3339 - The clock-to-out numbers in this timing report are based on 
   a 50 Ohm transmission line loading model.  For the details of this model, 
   and for more information on accounting for different loading conditions, 
   please see the device datasheet.
INFO:Timing:3390 - This architecture does not support a default System Jitter 
   value, please add SYSTEM_JITTER constraint to the UCF to modify the Clock 
   Uncertainty calculation.
INFO:Timing:3389 - This architecture does not support 'Discrete Jitter' and 
   'Phase Error' calculations, these terms will be zero in the Clock 
   Uncertainty calculation.  Please make appropriate modification to 
   SYSTEM_JITTER to account for the unsupported Discrete Jitter and Phase 
   Error.



Data Sheet report:
-----------------
All values displayed in nanoseconds (ns)

Setup/Hold to clock CLK
------------+------------+------------+------------------+--------+
            |Max Setup to|Max Hold to |                  | Clock  |
Source      | clk (edge) | clk (edge) |Internal Clock(s) | Phase  |
------------+------------+------------+------------------+--------+
ADC_Eocb    |    0.974(R)|    0.511(R)|CLK_int           |   0.000|
Filter_In(0)|    1.987(R)|   -0.314(R)|CLK_int           |   0.000|
Filter_In(1)|    1.401(R)|    0.155(R)|CLK_int           |   0.000|
Filter_In(2)|    1.057(R)|    0.430(R)|CLK_int           |   0.000|
Filter_In(3)|    1.549(R)|    0.036(R)|CLK_int           |   0.000|
Filter_In(4)|    0.744(R)|    0.680(R)|CLK_int           |   0.000|
Filter_In(5)|    0.720(R)|    0.699(R)|CLK_int           |   0.000|
Filter_In(6)|    1.673(R)|   -0.063(R)|CLK_int           |   0.000|
Filter_In(7)|    1.632(R)|   -0.030(R)|CLK_int           |   0.000|
RESET       |    3.863(R)|   -0.714(R)|CLK_int           |   0.000|
------------+------------+------------+------------------+--------+

Clock CLK to Pad
-------------+------------+------------------+--------+
             | clk (edge) |                  | Clock  |
Destination  |   to PAD   |Internal Clock(s) | Phase  |
-------------+------------+------------------+--------+
ADC_Convstb  |    8.689(R)|CLK_int           |   0.000|
ADC_Rdb      |    9.036(R)|CLK_int           |   0.000|
ADC_csb      |    8.894(R)|CLK_int           |   0.000|
Filter_Out(0)|    9.468(R)|CLK_int           |   0.000|
Filter_Out(1)|    8.713(R)|CLK_int           |   0.000|
Filter_Out(2)|    8.717(R)|CLK_int           |   0.000|
Filter_Out(3)|    8.622(R)|CLK_int           |   0.000|
Filter_Out(4)|    8.717(R)|CLK_int           |   0.000|
Filter_Out(5)|    8.178(R)|CLK_int           |   0.000|
Filter_Out(6)|    8.787(R)|CLK_int           |   0.000|
Filter_Out(7)|    8.277(R)|CLK_int           |   0.000|
-------------+------------+------------------+--------+

Clock to Setup on destination clock CLK
---------------+---------+---------+---------+---------+
               | Src:Rise| Src:Fall| Src:Rise| Src:Fall|
Source Clock   |Dest:Rise|Dest:Rise|Dest:Fall|Dest:Fall|
---------------+---------+---------+---------+---------+
CLK            |   13.600|         |         |         |
---------------+---------+---------+---------+---------+


Analysis completed Tue Feb 27 10:48:34 2018 
--------------------------------------------------------------------------------

Trace Settings:
-------------------------
Trace Settings 

Peak Memory Usage: 315 MB



